Arguments: 
  /home/bojko/.nvm/versions/node/v17.6.0/bin/node /home/bojko/.nvm/versions/node/v17.6.0/bin/yarn

PATH: 
  /home/bojko/.local/share/solana/install/active_release/bin:/home/bojko/.cargo/bin:/home/bojko/.nvm/versions/node/v17.6.0/bin:/usr/local/sbin:/usr/local/bin:/usr/sbin:/usr/bin:/sbin:/bin:/usr/games:/usr/local/games:/snap/bin

Yarn version: 
  1.22.17

Node version: 
  17.6.0

Platform: 
  linux x64

Trace: 
  Error: EPERM: operation not permitted, symlink '../../../../jayson/bin/jayson.js' -> '/rust/voting/node_modules/@solana/web3.js/node_modules/.bin/jayson'

npm manifest: 
  {
      "dependencies": {
          "@project-serum/anchor": "^0.22.1"
      },
      "devDependencies": {
          "chai": "^4.3.4",
          "mocha": "^9.0.3",
          "ts-mocha": "^8.0.0",
          "@types/chai": "^4.3.0",
          "@types/mocha": "^9.0.0",
          "typescript": "^4.3.5"
      }
  }

yarn manifest: 
  No manifest

Lockfile: 
  No lockfile
